***** FIRST ASSEMBLE *****
0x0000000000000000:
	[0]: "call": <0x08>;
	[1]: "INPUT": <-> (UNKNOWN LABEL);
0x0000000000000009:
	[2]: "call": <0x08>;
	[3]: "TESTCMP": <-> (UNKNOWN LABEL);
0x0000000000000012:
	[4]: "call": <0x08>;
	[5]: "TESTADD": <-> (UNKNOWN LABEL);
0x000000000000001b:
	[6]: "call": <0x08>;
	[7]: "TESTSUB": <-> (UNKNOWN LABEL);
0x0000000000000024:
	[8]: "call": <0x08>;
	[9]: "TESTMUL": <-> (UNKNOWN LABEL);
0x000000000000002d:
	[10]: "call": <0x08>;
	[11]: "TESTDIV": <-> (UNKNOWN LABEL);
0x0000000000000036:
	[12]: "hlt": <0x00>;
0x0000000000000037:
	[13]: "INPUT:": <0x0000000000000037>;
0x0000000000000037:
	[14]: "in": <0x10>;
0x0000000000000038:
	[15]: "push": <0x8e> (CMD_FLGREG);
	[16]: "r0": <0x00>;
0x000000000000003a:
	[17]: "pop": <0x4f> (CMD_FLGMEM);
	[18]: "[0]": <0x0000000000000000>;
0x0000000000000043:
	[19]: "in": <0x10>;
0x0000000000000044:
	[20]: "push": <0x8e> (CMD_FLGREG);
	[21]: "r0": <0x00>;
0x0000000000000046:
	[22]: "pop": <0x4f> (CMD_FLGMEM);
	[23]: "[1]": <0x0000000000000001>;
0x000000000000004f:
	[24]: "ret": <0x06>;
0x0000000000000050:
	[25]: "TESTCMP:": <0x0000000000000050>;
0x0000000000000050:
	[26]: "push": <0x4e> (CMD_FLGMEM);
	[27]: "[0]": <0x0000000000000000>;
0x0000000000000059:
	[28]: "push": <0x4e> (CMD_FLGMEM);
	[29]: "[1]": <0x0000000000000001>;
0x0000000000000062:
	[30]: "cmp": <0x05>;
0x0000000000000063:
	[31]: "je": <0x09>;
	[32]: "L1": <-> (UNKNOWN LABEL);
0x000000000000006c:
	[33]: "push": <0x4e> ();
	[34]: "0": <0x0000000000000000>;
0x0000000000000075:
	[35]: "pop": <0x8f> (CMD_FLGREG);
	[36]: "r0": <0x00>;
0x0000000000000077:
	[37]: "out": <0x11>;
0x0000000000000078:
	[38]: "jmp": <0x07>;
	[39]: "L2": <-> (UNKNOWN LABEL);
0x0000000000000081:
	[40]: "L1:": <0x0000000000000081>;
0x0000000000000081:
	[41]: "push": <0x4e> ();
	[42]: "1": <0x0000000000000001>;
0x000000000000008a:
	[43]: "pop": <0x8f> (CMD_FLGREG);
	[44]: "r0": <0x00>;
0x000000000000008c:
	[45]: "out": <0x11>;
0x000000000000008d:
	[46]: "L2:": <0x000000000000008d>;
0x000000000000008d:
	[47]: "ret": <0x06>;
0x000000000000008e:
	[48]: "TESTADD:": <0x000000000000008e>;
0x000000000000008e:
	[49]: "push": <0x4e> (CMD_FLGMEM);
	[50]: "[0]": <0x0000000000000000>;
0x0000000000000097:
	[51]: "push": <0x4e> (CMD_FLGMEM);
	[52]: "[1]": <0x0000000000000001>;
0x00000000000000a0:
	[53]: "add": <0x01>;
0x00000000000000a1:
	[54]: "pop": <0x8f> (CMD_FLGREG);
	[55]: "r0": <0x00>;
0x00000000000000a3:
	[56]: "out": <0x11>;
0x00000000000000a4:
	[57]: "ret": <0x06>;
0x00000000000000a5:
	[58]: "TESTSUB:": <0x00000000000000a5>;
0x00000000000000a5:
	[59]: "push": <0x4e> (CMD_FLGMEM);
	[60]: "[0]": <0x0000000000000000>;
0x00000000000000ae:
	[61]: "push": <0x4e> (CMD_FLGMEM);
	[62]: "[1]": <0x0000000000000001>;
0x00000000000000b7:
	[63]: "sub": <0x02>;
0x00000000000000b8:
	[64]: "pop": <0x8f> (CMD_FLGREG);
	[65]: "r0": <0x00>;
0x00000000000000ba:
	[66]: "out": <0x11>;
0x00000000000000bb:
	[67]: "ret": <0x06>;
0x00000000000000bc:
	[68]: "TESTMUL:": <0x00000000000000bc>;
0x00000000000000bc:
	[69]: "push": <0x4e> (CMD_FLGMEM);
	[70]: "[0]": <0x0000000000000000>;
0x00000000000000c5:
	[71]: "push": <0x4e> (CMD_FLGMEM);
	[72]: "[1]": <0x0000000000000001>;
0x00000000000000ce:
	[73]: "mul": <0x03>;
0x00000000000000cf:
	[74]: "pop": <0x8f> (CMD_FLGREG);
	[75]: "r0": <0x00>;
0x00000000000000d1:
	[76]: "out": <0x11>;
0x00000000000000d2:
	[77]: "ret": <0x06>;
0x00000000000000d3:
	[78]: "TESTDIV:": <0x00000000000000d3>;
0x00000000000000d3:
	[79]: "push": <0x4e> (CMD_FLGMEM);
	[80]: "[0]": <0x0000000000000000>;
0x00000000000000dc:
	[81]: "push": <0x4e> (CMD_FLGMEM);
	[82]: "[1]": <0x0000000000000001>;
0x00000000000000e5:
	[83]: "div": <0x04>;
0x00000000000000e6:
	[84]: "pop": <0x8f> (CMD_FLGREG);
	[85]: "r0": <0x00>;
0x00000000000000e8:
	[86]: "out": <0x11>;
0x00000000000000e9:
	[87]: "pop": <0x8f> (CMD_FLGREG);
	[88]: "r0": <0x00>;
0x00000000000000eb:
	[89]: "out": <0x11>;
0x00000000000000ec:
	[90]: "ret": <0x06>;
***** SECOND ASSEMBLE *****
0x0000000000000000:
	[0]: "call": <0x08>;
	[1]: "INPUT": <0x0000000000000037>;
0x0000000000000009:
	[2]: "call": <0x08>;
	[3]: "TESTCMP": <0x0000000000000050>;
0x0000000000000012:
	[4]: "call": <0x08>;
	[5]: "TESTADD": <0x000000000000008e>;
0x000000000000001b:
	[6]: "call": <0x08>;
	[7]: "TESTSUB": <0x00000000000000a5>;
0x0000000000000024:
	[8]: "call": <0x08>;
	[9]: "TESTMUL": <0x00000000000000bc>;
0x000000000000002d:
	[10]: "call": <0x08>;
	[11]: "TESTDIV": <0x00000000000000d3>;
0x0000000000000036:
	[12]: "hlt": <0x00>;
0x0000000000000037:
	[13]: "INPUT:": <-> (UNKNOWN COMMAND);
0x0000000000000037:
	[14]: "in": <0x10>;
0x0000000000000038:
	[15]: "push": <0x8e> (CMD_FLGREG);
	[16]: "r0": <0x00>;
0x000000000000003a:
	[17]: "pop": <0x4f> (CMD_FLGMEM);
	[18]: "[0]": <0x0000000000000000>;
0x0000000000000043:
	[19]: "in": <0x10>;
0x0000000000000044:
	[20]: "push": <0x8e> (CMD_FLGREG);
	[21]: "r0": <0x00>;
0x0000000000000046:
	[22]: "pop": <0x4f> (CMD_FLGMEM);
	[23]: "[1]": <0x0000000000000001>;
0x000000000000004f:
	[24]: "ret": <0x06>;
0x0000000000000050:
	[25]: "TESTCMP:": <-> (UNKNOWN COMMAND);
0x0000000000000050:
	[26]: "push": <0x4e> (CMD_FLGMEM);
	[27]: "[0]": <0x0000000000000000>;
0x0000000000000059:
	[28]: "push": <0x4e> (CMD_FLGMEM);
	[29]: "[1]": <0x0000000000000001>;
0x0000000000000062:
	[30]: "cmp": <0x05>;
0x0000000000000063:
	[31]: "je": <0x09>;
	[32]: "L1": <0x0000000000000081>;
0x000000000000006c:
	[33]: "push": <0x4e> ();
	[34]: "0": <0x0000000000000000>;
0x0000000000000075:
	[35]: "pop": <0x8f> (CMD_FLGREG);
	[36]: "r0": <0x00>;
0x0000000000000077:
	[37]: "out": <0x11>;
0x0000000000000078:
	[38]: "jmp": <0x07>;
	[39]: "L2": <0x000000000000008d>;
0x0000000000000081:
	[40]: "L1:": <-> (UNKNOWN COMMAND);
0x0000000000000081:
	[41]: "push": <0x4e> ();
	[42]: "1": <0x0000000000000001>;
0x000000000000008a:
	[43]: "pop": <0x8f> (CMD_FLGREG);
	[44]: "r0": <0x00>;
0x000000000000008c:
	[45]: "out": <0x11>;
0x000000000000008d:
	[46]: "L2:": <-> (UNKNOWN COMMAND);
0x000000000000008d:
	[47]: "ret": <0x06>;
0x000000000000008e:
	[48]: "TESTADD:": <-> (UNKNOWN COMMAND);
0x000000000000008e:
	[49]: "push": <0x4e> (CMD_FLGMEM);
	[50]: "[0]": <0x0000000000000000>;
0x0000000000000097:
	[51]: "push": <0x4e> (CMD_FLGMEM);
	[52]: "[1]": <0x0000000000000001>;
0x00000000000000a0:
	[53]: "add": <0x01>;
0x00000000000000a1:
	[54]: "pop": <0x8f> (CMD_FLGREG);
	[55]: "r0": <0x00>;
0x00000000000000a3:
	[56]: "out": <0x11>;
0x00000000000000a4:
	[57]: "ret": <0x06>;
0x00000000000000a5:
	[58]: "TESTSUB:": <-> (UNKNOWN COMMAND);
0x00000000000000a5:
	[59]: "push": <0x4e> (CMD_FLGMEM);
	[60]: "[0]": <0x0000000000000000>;
0x00000000000000ae:
	[61]: "push": <0x4e> (CMD_FLGMEM);
	[62]: "[1]": <0x0000000000000001>;
0x00000000000000b7:
	[63]: "sub": <0x02>;
0x00000000000000b8:
	[64]: "pop": <0x8f> (CMD_FLGREG);
	[65]: "r0": <0x00>;
0x00000000000000ba:
	[66]: "out": <0x11>;
0x00000000000000bb:
	[67]: "ret": <0x06>;
0x00000000000000bc:
	[68]: "TESTMUL:": <-> (UNKNOWN COMMAND);
0x00000000000000bc:
	[69]: "push": <0x4e> (CMD_FLGMEM);
	[70]: "[0]": <0x0000000000000000>;
0x00000000000000c5:
	[71]: "push": <0x4e> (CMD_FLGMEM);
	[72]: "[1]": <0x0000000000000001>;
0x00000000000000ce:
	[73]: "mul": <0x03>;
0x00000000000000cf:
	[74]: "pop": <0x8f> (CMD_FLGREG);
	[75]: "r0": <0x00>;
0x00000000000000d1:
	[76]: "out": <0x11>;
0x00000000000000d2:
	[77]: "ret": <0x06>;
0x00000000000000d3:
	[78]: "TESTDIV:": <-> (UNKNOWN COMMAND);
0x00000000000000d3:
	[79]: "push": <0x4e> (CMD_FLGMEM);
	[80]: "[0]": <0x0000000000000000>;
0x00000000000000dc:
	[81]: "push": <0x4e> (CMD_FLGMEM);
	[82]: "[1]": <0x0000000000000001>;
0x00000000000000e5:
	[83]: "div": <0x04>;
0x00000000000000e6:
	[84]: "pop": <0x8f> (CMD_FLGREG);
	[85]: "r0": <0x00>;
0x00000000000000e8:
	[86]: "out": <0x11>;
0x00000000000000e9:
	[87]: "pop": <0x8f> (CMD_FLGREG);
	[88]: "r0": <0x00>;
0x00000000000000eb:
	[89]: "out": <0x11>;
0x00000000000000ec:
	[90]: "ret": <0x06>;
***** SUCCESS *****
