0x0000000000000000: call 0x0000000000000037;
0x0000000000000037: in;
0x0000000000000038: push r0 = 13;
0x000000000000003a: pop [0x0000000000000000];
0x0000000000000043: in;
0x0000000000000044: push r0 = 7;
0x0000000000000046: pop [0x0000000000000001];
0x000000000000004f: ret;
0x0000000000000009: call 0x0000000000000050;
0x0000000000000050: push [0x0000000000000000];
0x0000000000000059: push [0x0000000000000001];
0x0000000000000062: cmp;
0x0000000000000063: je 0x0000000000000081;
0x000000000000006c: push 0;
0x0000000000000075: pop r0 = 7;
0x0000000000000077: out;
0x0000000000000078: jmp 0x000000000000008d;
0x000000000000008d: ret;
0x0000000000000012: call 0x000000000000008e;
0x000000000000008e: push [0x0000000000000000];
0x0000000000000097: push [0x0000000000000001];
0x00000000000000a0: add;
0x00000000000000a1: pop r0 = 0;
0x00000000000000a3: out;
0x00000000000000a4: ret;
0x000000000000001b: call 0x00000000000000a5;
0x00000000000000a5: push [0x0000000000000000];
0x00000000000000ae: push [0x0000000000000001];
0x00000000000000b7: sub;
0x00000000000000b8: pop r0 = 20;
0x00000000000000ba: out;
0x00000000000000bb: ret;
0x0000000000000024: call 0x00000000000000bc;
0x00000000000000bc: push [0x0000000000000000];
0x00000000000000c5: push [0x0000000000000001];
0x00000000000000ce: mul;
0x00000000000000cf: pop r0 = 6;
0x00000000000000d1: out;
0x00000000000000d2: ret;
0x000000000000002d: call 0x00000000000000d3;
0x00000000000000d3: push [0x0000000000000000];
0x00000000000000dc: push [0x0000000000000001];
0x00000000000000e5: div;
0x00000000000000e6: pop r0 = 91;
0x00000000000000e8: out;
0x00000000000000e9: pop r0 = 1;
0x00000000000000eb: out;
0x00000000000000ec: ret;
0x0000000000000036: hlt;
